[debug] [2023-10-01T11:59:13.173Z] ----------------------------------------------------------------------
[debug] [2023-10-01T11:59:13.181Z] Command:       C:\Program Files\nodejs\node.exe C:\Users\Aravinth\AppData\Roaming\npm\node_modules\firebase-tools\lib\bin\firebase.js init
[debug] [2023-10-01T11:59:13.182Z] CLI Version:   12.6.1
[debug] [2023-10-01T11:59:13.183Z] Platform:      win32
[debug] [2023-10-01T11:59:13.184Z] Node Version:  v18.17.0
[debug] [2023-10-01T11:59:13.187Z] Time:          Sun Oct 01 2023 17:29:13 GMT+0530 (India Standard Time)
[debug] [2023-10-01T11:59:13.187Z] ----------------------------------------------------------------------
[debug] 
[debug] [2023-10-01T11:59:13.222Z] > command requires scopes: ["email","openid","https://www.googleapis.com/auth/cloudplatformprojects.readonly","https://www.googleapis.com/auth/firebase","https://www.googleapis.com/auth/cloud-platform"]
[debug] [2023-10-01T11:59:13.224Z] > authorizing via signed-in user (aakashr2308@gmail.com)
[info] 
     ######## #### ########  ######## ########     ###     ######  ########
     ##        ##  ##     ## ##       ##     ##  ##   ##  ##       ##
     ######    ##  ########  ######   ########  #########  ######  ######
     ##        ##  ##    ##  ##       ##     ## ##     ##       ## ##
     ##       #### ##     ## ######## ########  ##     ##  ######  ########

You're about to initialize a Firebase project in this directory:

  C:\Users\Aravinth\Desktop\Three JS

[info] 
=== Project Setup
[info] 
[info] First, let's associate this project directory with a Firebase project.
[info] You can create multiple project aliases by running firebase use --add, 
[info] but for now we'll just set up a default project.
[info] 
[debug] [2023-10-01T11:59:50.190Z] >>> [apiv2][query] GET https://firebase.googleapis.com/v1beta1/projects pageSize=100
[debug] [2023-10-01T11:59:51.306Z] <<< [apiv2][status] GET https://firebase.googleapis.com/v1beta1/projects 200
[debug] [2023-10-01T11:59:51.307Z] <<< [apiv2][body] GET https://firebase.googleapis.com/v1beta1/projects [omitted]
[info] i  Using project three-js-14509 (Three JS) 
[info] 
=== Hosting Setup
[info] 
[info] Your public directory is the folder (relative to your project directory) that
[info] will contain Hosting assets to be uploaded with firebase deploy. If you
[info] have a build process for your assets, use your build's output directory.
[info] 
[debug] [2023-10-01T12:00:08.495Z] >>> [apiv2][query] GET https://www.gstatic.com/firebasejs/releases.json [none]
[debug] [2023-10-01T12:00:08.930Z] <<< [apiv2][status] GET https://www.gstatic.com/firebasejs/releases.json 200
[debug] [2023-10-01T12:00:08.931Z] <<< [apiv2][body] GET https://www.gstatic.com/firebasejs/releases.json {"current":{"version":"10.4.0","browserURL":"https://www.gstatic.com/firebasejs/10.4.0/firebase.js","packageURL":"https://www.gstatic.com/firebasejs/10.4.0/firebase.tgz"},"live":{"version":"10.4","browserURL":"https://www.gstatic.com/firebasejs/live/10.4/firebase.js","packageURL":"https://www.gstatic.com/firebasejs/live/10.4/firebase.tgz"},"components":{"analytics":"https://www.gstatic.com/firebasejs/10.4.0/firebase-analytics.js","app":"https://www.gstatic.com/firebasejs/10.4.0/firebase-app.js","app-check":"https://www.gstatic.com/firebasejs/10.4.0/firebase-app-check.js","auth":"https://www.gstatic.com/firebasejs/10.4.0/firebase-auth.js","auth/cordova":"https://www.gstatic.com/firebasejs/10.4.0/firebase-auth/cordova.js","functions":"https://www.gstatic.com/firebasejs/10.4.0/firebase-functions.js","firestore":"https://www.gstatic.com/firebasejs/10.4.0/firebase-firestore.js","firestore/lite":"https://www.gstatic.com/firebasejs/10.4.0/firebase-firestore/lite.js","installations":"https://www.gstatic.com/firebasejs/10.4.0/firebase-installations.js","storage":"https://www.gstatic.com/firebasejs/10.4.0/firebase-storage.js","performance":"https://www.gstatic.com/firebasejs/10.4.0/firebase-performance.js","remote-config":"https://www.gstatic.com/firebasejs/10.4.0/firebase-remote-config.js","messaging":"https://www.gstatic.com/firebasejs/10.4.0/firebase-messaging.js","messaging/sw":"https://www.gstatic.com/firebasejs/10.4.0/firebase-messaging/sw.js","database":"https://www.gstatic.com/firebasejs/10.4.0/firebase-database.js","firestore.memory":"https://www.gstatic.com/firebasejs/10.4.0/firebase-firestore.memory.js"}}
[info] +  Wrote public/index.html 
[info] 
[info] i  Didn't detect a .git folder. Assuming C:\Users\Aravinth\Desktop\Three JS is the project root. 
[info] i  Authorizing with GitHub to upload your service account to a GitHub repository's secrets store. 
[info] 
[info] Visit this URL on this device to log in:
[info] https://github.com/login/oauth/authorize?client_id=89cf50f02ac6aaed3484&state=611559658&redirect_uri=http%3A%2F%2Flocalhost%3A9005&scope=read%3Auser%20repo%20public_repo
[info] 
[info] Waiting for authentication...
[debug] [2023-10-01T12:00:15.403Z] >>> [apiv2][query] POST https://github.com/login/oauth/access_token [none]
[debug] [2023-10-01T12:00:15.404Z] >>> [apiv2][body] POST https://github.com/login/oauth/access_token [stream]
[debug] [2023-10-01T12:00:16.863Z] <<< [apiv2][status] POST https://github.com/login/oauth/access_token 200
[debug] [2023-10-01T12:00:16.863Z] <<< [apiv2][body] POST https://github.com/login/oauth/access_token {"access_token":"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","token_type":"bearer","scope":"read:user,repo"}
[debug] [2023-10-01T12:00:16.896Z] >>> [apiv2][query] GET https://api.github.com/user [none]
[debug] [2023-10-01T12:00:17.535Z] <<< [apiv2][status] GET https://api.github.com/user 200
[debug] [2023-10-01T12:00:17.535Z] <<< [apiv2][body] GET https://api.github.com/user {"login":"AakashTheDev","id":117282517,"node_id":"U_kgDOBv2W1Q","avatar_url":"https://avatars.githubusercontent.com/u/117282517?v=4","gravatar_id":"","url":"https://api.github.com/users/AakashTheDev","html_url":"https://github.com/AakashTheDev","followers_url":"https://api.github.com/users/AakashTheDev/followers","following_url":"https://api.github.com/users/AakashTheDev/following{/other_user}","gists_url":"https://api.github.com/users/AakashTheDev/gists{/gist_id}","starred_url":"https://api.github.com/users/AakashTheDev/starred{/owner}{/repo}","subscriptions_url":"https://api.github.com/users/AakashTheDev/subscriptions","organizations_url":"https://api.github.com/users/AakashTheDev/orgs","repos_url":"https://api.github.com/users/AakashTheDev/repos","events_url":"https://api.github.com/users/AakashTheDev/events{/privacy}","received_events_url":"https://api.github.com/users/AakashTheDev/received_events","type":"User","site_admin":false,"name":"Aakash","company":null,"blog":"devaakashportfolio.w3spaces.com","location":null,"email":null,"hireable":null,"bio":"Hii I'm Aakash and I'm a Self Taught Learner and My Skills are C, C++, Java, Python, HTML5, CSS3, Tailwind CSS, Javascript, React JS, Mongo DB, Node JS & FBase","twitter_username":null,"public_repos":9,"public_gists":0,"followers":1,"following":3,"created_at":"2022-11-02T12:41:00Z","updated_at":"2023-09-13T13:00:32Z","private_gists":0,"total_private_repos":0,"owned_private_repos":0,"disk_usage":15314,"collaborators":0,"two_factor_authentication":false,"plan":{"name":"free","space":976562499,"collaborators":0,"private_repos":10000}}
[info] 
[info] +  Success! Logged into GitHub as AakashTheDev 
[info] 
[debug] [2023-10-01T12:00:38.801Z] >>> [apiv2][query] GET https://api.github.com/repos/user/actions/secrets/public-key type=owner
[debug] [2023-10-01T12:00:39.571Z] <<< [apiv2][status] GET https://api.github.com/repos/user/actions/secrets/public-key 404
[debug] [2023-10-01T12:00:39.571Z] <<< [apiv2][body] GET https://api.github.com/repos/user/actions/secrets/public-key {"message":"Not Found","documentation_url":"https://docs.github.com/rest"}
[info] 
[info] 
[error] !  The provided authorization cannot be used with this repository. If this repository is in an organization, did you remember to grant access? 
[info] 
[info] i  Action required: Visit this URL to ensure access has been granted to the appropriate organization(s) for the Firebase CLI GitHub OAuth App: 
[info] https://github.com/settings/connections/applications/89cf50f02ac6aaed3484
[info] 
[debug] [2023-10-01T12:01:56.710Z] >>> [apiv2][query] GET https://api.github.com/repos/user/actions/secrets/public-key type=owner
[debug] [2023-10-01T12:01:57.363Z] <<< [apiv2][status] GET https://api.github.com/repos/user/actions/secrets/public-key 404
[debug] [2023-10-01T12:01:57.363Z] <<< [apiv2][body] GET https://api.github.com/repos/user/actions/secrets/public-key {"message":"Not Found","documentation_url":"https://docs.github.com/rest"}
[info] 
[info] 
[error] !  The provided authorization cannot be used with this repository. If this repository is in an organization, did you remember to grant access? 
[info] 
[info] i  Action required: Visit this URL to ensure access has been granted to the appropriate organization(s) for the Firebase CLI GitHub OAuth App: 
[info] https://github.com/settings/connections/applications/89cf50f02ac6aaed3484
[info] 
[debug] [2023-10-01T12:02:02.434Z] >>> [apiv2][query] GET https://api.github.com/repos//actions/secrets/public-key type=owner
[debug] [2023-10-01T12:02:02.978Z] <<< [apiv2][status] GET https://api.github.com/repos//actions/secrets/public-key 404
[debug] [2023-10-01T12:02:02.978Z] <<< [apiv2][body] GET https://api.github.com/repos//actions/secrets/public-key {"message":"Not Found","documentation_url":"https://docs.github.com/rest"}
[info] 
[info] 
[error] !  The provided authorization cannot be used with this repository. If this repository is in an organization, did you remember to grant access? 
[info] 
[info] i  Action required: Visit this URL to ensure access has been granted to the appropriate organization(s) for the Firebase CLI GitHub OAuth App: 
[info] https://github.com/settings/connections/applications/89cf50f02ac6aaed3484
[info] 
[debug] [2023-10-01T12:02:58.841Z] >>> [apiv2][query] GET https://api.github.com/repos/user/actions/secrets/public-key type=owner
[debug] [2023-10-01T12:02:59.461Z] <<< [apiv2][status] GET https://api.github.com/repos/user/actions/secrets/public-key 404
[debug] [2023-10-01T12:02:59.462Z] <<< [apiv2][body] GET https://api.github.com/repos/user/actions/secrets/public-key {"message":"Not Found","documentation_url":"https://docs.github.com/rest"}
[info] 
[info] 
[error] !  The provided authorization cannot be used with this repository. If this repository is in an organization, did you remember to grant access? 
[info] 
[info] i  Action required: Visit this URL to ensure access has been granted to the appropriate organization(s) for the Firebase CLI GitHub OAuth App: 
[info] https://github.com/settings/connections/applications/89cf50f02ac6aaed3484
[info] 
[debug] [2023-10-01T12:03:51.553Z] >>> [apiv2][query] GET https://api.github.com/repos/repository/actions/secrets/public-key type=owner
[debug] [2023-10-01T12:03:52.102Z] <<< [apiv2][status] GET https://api.github.com/repos/repository/actions/secrets/public-key 404
[debug] [2023-10-01T12:03:52.102Z] <<< [apiv2][body] GET https://api.github.com/repos/repository/actions/secrets/public-key {"message":"Not Found","documentation_url":"https://docs.github.com/rest"}
[info] 
[info] 
[error] !  The provided authorization cannot be used with this repository. If this repository is in an organization, did you remember to grant access? 
[info] 
[info] i  Action required: Visit this URL to ensure access has been granted to the appropriate organization(s) for the Firebase CLI GitHub OAuth App: 
[info] https://github.com/settings/connections/applications/89cf50f02ac6aaed3484
[info] 
[debug] [2023-10-01T12:04:50.375Z] >>> [apiv2][query] GET https://api.github.com/repos/https://github.com/AakashTheDev/Parallex_Effect_With_React/actions/secrets/public-key type=owner
[debug] [2023-10-01T12:04:51.341Z] <<< [apiv2][status] GET https://api.github.com/repos/https://github.com/AakashTheDev/Parallex_Effect_With_React/actions/secrets/public-key 404
[debug] [2023-10-01T12:04:51.341Z] <<< [apiv2][body] GET https://api.github.com/repos/https://github.com/AakashTheDev/Parallex_Effect_With_React/actions/secrets/public-key {"message":"Not Found","documentation_url":"https://docs.github.com/rest"}
[info] 
[info] 
[error] !  The provided authorization cannot be used with this repository. If this repository is in an organization, did you remember to grant access? 
[info] 
[info] i  Action required: Visit this URL to ensure access has been granted to the appropriate organization(s) for the Firebase CLI GitHub OAuth App: 
[info] https://github.com/settings/connections/applications/89cf50f02ac6aaed3484
[info] 
[debug] [2023-10-01T12:05:45.323Z] >>> [apiv2][query] GET https://api.github.com/repos/https://github.com/AakashTheDev/Parallex_Effect_With_React/actions/secrets/public-key type=owner
[debug] [2023-10-01T12:05:45.924Z] <<< [apiv2][status] GET https://api.github.com/repos/https://github.com/AakashTheDev/Parallex_Effect_With_React/actions/secrets/public-key 404
[debug] [2023-10-01T12:05:45.924Z] <<< [apiv2][body] GET https://api.github.com/repos/https://github.com/AakashTheDev/Parallex_Effect_With_React/actions/secrets/public-key {"message":"Not Found","documentation_url":"https://docs.github.com/rest"}
[info] 
[info] 
[error] !  The provided authorization cannot be used with this repository. If this repository is in an organization, did you remember to grant access? 
[info] 
[info] i  Action required: Visit this URL to ensure access has been granted to the appropriate organization(s) for the Firebase CLI GitHub OAuth App: 
[info] https://github.com/settings/connections/applications/89cf50f02ac6aaed3484
[info] 
[debug] [2023-10-01T12:05:46.831Z] >>> [apiv2][query] GET https://api.github.com/repos/https://github.com/AakashTheDev/Parallex_Effect_With_React/actions/secrets/public-key type=owner
[debug] [2023-10-01T12:05:47.351Z] <<< [apiv2][status] GET https://api.github.com/repos/https://github.com/AakashTheDev/Parallex_Effect_With_React/actions/secrets/public-key 404
[debug] [2023-10-01T12:05:47.352Z] <<< [apiv2][body] GET https://api.github.com/repos/https://github.com/AakashTheDev/Parallex_Effect_With_React/actions/secrets/public-key {"message":"Not Found","documentation_url":"https://docs.github.com/rest"}
[info] 
[info] 
[error] !  The provided authorization cannot be used with this repository. If this repository is in an organization, did you remember to grant access? 
[info] 
[info] i  Action required: Visit this URL to ensure access has been granted to the appropriate organization(s) for the Firebase CLI GitHub OAuth App: 
[info] https://github.com/settings/connections/applications/89cf50f02ac6aaed3484
[info] 
[debug] [2023-10-01T12:05:50.740Z] >>> [apiv2][query] GET https://api.github.com/repos/https://github.com/AakashTheDev/Parallex_Effect_With_Reactuser/actions/secrets/public-key type=owner
[debug] [2023-10-01T12:05:51.311Z] <<< [apiv2][status] GET https://api.github.com/repos/https://github.com/AakashTheDev/Parallex_Effect_With_Reactuser/actions/secrets/public-key 404
[debug] [2023-10-01T12:05:51.311Z] <<< [apiv2][body] GET https://api.github.com/repos/https://github.com/AakashTheDev/Parallex_Effect_With_Reactuser/actions/secrets/public-key {"message":"Not Found","documentation_url":"https://docs.github.com/rest"}
[info] 
[info] 
[error] !  The provided authorization cannot be used with this repository. If this repository is in an organization, did you remember to grant access? 
[info] 
[info] i  Action required: Visit this URL to ensure access has been granted to the appropriate organization(s) for the Firebase CLI GitHub OAuth App: 
[info] https://github.com/settings/connections/applications/89cf50f02ac6aaed3484
[info] 
